[2026-05-21 16:17:04] SUCCESS: Created WooCommerce Product ID 20585 (SKU: TEST-SKU-001)
[2026-05-21 18:44:12] HTTP Error 500 on GET https://falconstationery.com/wp-json/wc/v3/products/19417/variations?per_page=100. Response: {"code":"wp_die","message":"<h1>Error establishing a database connection<\/h1>","data":{"status":500},"additional_errors":[]}
[2026-05-21 18:52:26] CURL Error to URL (https://falconstationery.com/wp-json/wc/v3/products/19410/variations?per_page=100): HTTP/2 stream 1 was not closed cleanly before end of the underlying stream
[2026-05-22 11:48:31] SUCCESS: Updated WooCommerce Category ID 125 ('Arts &amp; Crafts')
[2026-05-22 11:48:52] SUCCESS: Updated WooCommerce Category ID 125 ('Arts and Crafts')
[2026-05-22 11:49:05] SUCCESS: Updated WooCommerce Category ID 356 ('Binding and Fastening')
[2026-05-22 11:49:36] SUCCESS: Updated WooCommerce Category ID 222 ('Pens and Pencils')
[2026-05-22 11:49:47] SUCCESS: Updated WooCommerce Category ID 133 ('Filing and Storage')
[2026-05-22 11:49:56] SUCCESS: Updated WooCommerce Category ID 135 ('Marking and Inking')
[2026-05-22 11:50:05] SUCCESS: Updated WooCommerce Category ID 261 ('Pencil Purse and Box')
[2026-05-22 14:50:56] SUCCESS: Created WooCommerce Category ID 367 ('Test Add')
[2026-05-22 14:51:57] SUCCESS: Deleted WooCommerce Category ID 367
[2026-05-28 06:46:06] ----------------------------------------
[2026-05-28 06:46:06] START SYNC: SKU 'TEST-SKU-001' (Item ID: unknown)
[2026-05-28 06:46:06] No variations_json found for SKU: 'TEST-SKU-001'
[2026-05-28 06:46:06] Preparing to send product request. Payload: {"name":"Falcon Luxury Blue Ink Pen","type":"simple","regular_price":"250","description":"Fine line executive pen with smooth ink output. Managed by Curtiss ERP.","manage_stock":true,"stock_quantity":45,"sku":"TEST-SKU-001","status":"publish","categories":[],"meta_data":[]}
[2026-05-28 06:46:08] Product 'TEST-SKU-001' exists on WooCommerce with ID: 20585. Sending PUT update request.
[2026-05-28 06:46:09] SUCCESS: Updated product ID 20585 (SKU: TEST-SKU-001) on WooCommerce.
[2026-05-28 06:46:09] END SYNC: SKU 'TEST-SKU-001' (Woo ID: 20585)
[2026-05-28 06:46:09] ----------------------------------------
[2026-05-28 06:49:31] ----------------------------------------
[2026-05-28 06:49:31] START SYNC: SKU 'TEST-SKU-001' (Item ID: unknown)
[2026-05-28 06:49:31] No variations_json found for SKU: 'TEST-SKU-001'
[2026-05-28 06:49:31] Preparing to send product request. Payload: {"name":"Falcon Luxury Blue Ink Pen","type":"simple","regular_price":"250","description":"Fine line executive pen with smooth ink output. Managed by Curtiss ERP.","manage_stock":true,"stock_quantity":45,"sku":"TEST-SKU-001","status":"publish","categories":[],"meta_data":[]}
[2026-05-28 06:49:32] Product 'TEST-SKU-001' exists on WooCommerce with ID: 20585. Sending PUT update request.
[2026-05-28 06:49:34] SUCCESS: Updated product ID 20585 (SKU: TEST-SKU-001) on WooCommerce.
[2026-05-28 06:49:34] END SYNC: SKU 'TEST-SKU-001' (Woo ID: 20585)
[2026-05-28 06:49:34] ----------------------------------------
